{"/home/abda/Documents/library-project/backend/ArduinoDevice.js": {"path":"/home/abda/Documents/library-project/backend/ArduinoDevice.js","statementMap":{"0":{"start":{"line":1,"column":21},"end":{"line":1,"column":46}},"1":{"start":{"line":2,"column":23},"end":{"line":2,"column":44}},"2":{"start":{"line":6,"column":4},"end":{"line":6,"column":30}},"3":{"start":{"line":10,"column":4},"end":{"line":10,"column":53}},"4":{"start":{"line":11,"column":18},"end":{"line":11,"column":41}},"5":{"start":{"line":14,"column":21},"end":{"line":26,"column":6}},"6":{"start":{"line":16,"column":6},"end":{"line":18,"column":7}},"7":{"start":{"line":17,"column":8},"end":{"line":17,"column":20}},"8":{"start":{"line":21,"column":6},"end":{"line":25,"column":8}},"9":{"start":{"line":29,"column":4},"end":{"line":39,"column":5}},"10":{"start":{"line":30,"column":6},"end":{"line":30,"column":64}},"11":{"start":{"line":31,"column":6},"end":{"line":36,"column":9}},"12":{"start":{"line":38,"column":6},"end":{"line":38,"column":50}},"13":{"start":{"line":41,"column":4},"end":{"line":41,"column":20}},"14":{"start":{"line":45,"column":4},"end":{"line":45,"column":36}},"15":{"start":{"line":49,"column":0},"end":{"line":49,"column":31}}},"fnMap":{"0":{"name":"(anonymous_0)","decl":{"start":{"line":5,"column":2},"end":{"line":5,"column":3}},"loc":{"start":{"line":5,"column":16},"end":{"line":7,"column":3}},"line":5},"1":{"name":"(anonymous_1)","decl":{"start":{"line":9,"column":2},"end":{"line":9,"column":3}},"loc":{"start":{"line":9,"column":20},"end":{"line":42,"column":3}},"line":9},"2":{"name":"(anonymous_2)","decl":{"start":{"line":14,"column":32},"end":{"line":14,"column":33}},"loc":{"start":{"line":14,"column":37},"end":{"line":26,"column":5}},"line":14},"3":{"name":"(anonymous_3)","decl":{"start":{"line":44,"column":2},"end":{"line":44,"column":3}},"loc":{"start":{"line":44,"column":19},"end":{"line":46,"column":3}},"line":44}},"branchMap":{"0":{"loc":{"start":{"line":16,"column":6},"end":{"line":18,"column":7}},"type":"if","locations":[{"start":{"line":16,"column":6},"end":{"line":18,"column":7}},{"start":{},"end":{}}],"line":16},"1":{"loc":{"start":{"line":16,"column":10},"end":{"line":16,"column":57}},"type":"binary-expr","locations":[{"start":{"line":16,"column":10},"end":{"line":16,"column":31}},{"start":{"line":16,"column":35},"end":{"line":16,"column":57}}],"line":16},"2":{"loc":{"start":{"line":22,"column":8},"end":{"line":24,"column":42}},"type":"binary-expr","locations":[{"start":{"line":22,"column":8},"end":{"line":22,"column":43}},{"start":{"line":23,"column":8},"end":{"line":23,"column":39}},{"start":{"line":24,"column":8},"end":{"line":24,"column":42}}],"line":22},"3":{"loc":{"start":{"line":29,"column":4},"end":{"line":39,"column":5}},"type":"if","locations":[{"start":{"line":29,"column":4},"end":{"line":39,"column":5}},{"start":{"line":37,"column":11},"end":{"line":39,"column":5}}],"line":29}},"s":{"0":1,"1":1,"2":0,"3":0,"4":0,"5":0,"6":0,"7":0,"8":0,"9":0,"10":0,"11":0,"12":0,"13":0,"14":0,"15":1},"f":{"0":0,"1":0,"2":0,"3":0},"b":{"0":[0,0],"1":[0,0],"2":[0,0,0],"3":[0,0]},"_coverageSchema":"1a1c01bbd47fc00a2c39e90264f33305004495a9","hash":"16749b61d4e0d02ac46111c4dbd53626e4f4658e"}
,"/home/abda/Documents/library-project/backend/RFIDReader.js": {"path":"/home/abda/Documents/library-project/backend/RFIDReader.js","statementMap":{"0":{"start":{"line":2,"column":21},"end":{"line":2,"column":46}},"1":{"start":{"line":3,"column":23},"end":{"line":3,"column":44}},"2":{"start":{"line":7,"column":4},"end":{"line":12,"column":7}},"3":{"start":{"line":16,"column":4},"end":{"line":16,"column":54}},"4":{"start":{"line":17,"column":18},"end":{"line":17,"column":41}},"5":{"start":{"line":19,"column":21},"end":{"line":23,"column":5}},"6":{"start":{"line":20,"column":6},"end":{"line":22,"column":27}},"7":{"start":{"line":25,"column":4},"end":{"line":34,"column":5}},"8":{"start":{"line":26,"column":6},"end":{"line":26,"column":75}},"9":{"start":{"line":27,"column":6},"end":{"line":31,"column":9}},"10":{"start":{"line":33,"column":6},"end":{"line":33,"column":60}},"11":{"start":{"line":36,"column":4},"end":{"line":36,"column":20}},"12":{"start":{"line":41,"column":24},"end":{"line":41,"column":35}},"13":{"start":{"line":42,"column":4},"end":{"line":42,"column":34}},"14":{"start":{"line":46,"column":0},"end":{"line":46,"column":28}}},"fnMap":{"0":{"name":"(anonymous_0)","decl":{"start":{"line":6,"column":2},"end":{"line":6,"column":3}},"loc":{"start":{"line":6,"column":16},"end":{"line":13,"column":3}},"line":6},"1":{"name":"(anonymous_1)","decl":{"start":{"line":15,"column":2},"end":{"line":15,"column":3}},"loc":{"start":{"line":15,"column":20},"end":{"line":37,"column":3}},"line":15},"2":{"name":"(anonymous_2)","decl":{"start":{"line":19,"column":32},"end":{"line":19,"column":33}},"loc":{"start":{"line":20,"column":6},"end":{"line":22,"column":27}},"line":20},"3":{"name":"(anonymous_3)","decl":{"start":{"line":39,"column":2},"end":{"line":39,"column":3}},"loc":{"start":{"line":39,"column":19},"end":{"line":43,"column":3}},"line":39}},"branchMap":{"0":{"loc":{"start":{"line":20,"column":6},"end":{"line":22,"column":27}},"type":"binary-expr","locations":[{"start":{"line":20,"column":6},"end":{"line":20,"column":38}},{"start":{"line":21,"column":6},"end":{"line":21,"column":34}},{"start":{"line":22,"column":6},"end":{"line":22,"column":27}}],"line":20},"1":{"loc":{"start":{"line":25,"column":4},"end":{"line":34,"column":5}},"type":"if","locations":[{"start":{"line":25,"column":4},"end":{"line":34,"column":5}},{"start":{"line":32,"column":11},"end":{"line":34,"column":5}}],"line":25}},"s":{"0":1,"1":1,"2":5,"3":8,"4":8,"5":8,"6":6,"7":8,"8":1,"9":1,"10":7,"11":8,"12":0,"13":0,"14":1},"f":{"0":5,"1":8,"2":6,"3":0},"b":{"0":[6,5,5],"1":[1,7]},"_coverageSchema":"1a1c01bbd47fc00a2c39e90264f33305004495a9","hash":"da2660827d3cdf2f9f611c2bb899aebe0acb9a80"}
,"/home/abda/Documents/library-project/backend/SerialDevice.js": {"path":"/home/abda/Documents/library-project/backend/SerialDevice.js","statementMap":{"0":{"start":{"line":2,"column":23},"end":{"line":2,"column":44}},"1":{"start":{"line":3,"column":27},"end":{"line":3,"column":65}},"2":{"start":{"line":4,"column":21},"end":{"line":4,"column":38}},"3":{"start":{"line":13,"column":6},"end":{"line":13,"column":14}},"4":{"start":{"line":14,"column":6},"end":{"line":14,"column":31}},"5":{"start":{"line":15,"column":6},"end":{"line":15,"column":39}},"6":{"start":{"line":16,"column":6},"end":{"line":16,"column":31}},"7":{"start":{"line":17,"column":6},"end":{"line":17,"column":25}},"8":{"start":{"line":19,"column":6},"end":{"line":19,"column":23}},"9":{"start":{"line":20,"column":6},"end":{"line":20,"column":24}},"10":{"start":{"line":21,"column":6},"end":{"line":21,"column":27}},"11":{"start":{"line":23,"column":6},"end":{"line":23,"column":58}},"12":{"start":{"line":26,"column":4},"end":{"line":26,"column":41}},"13":{"start":{"line":26,"column":20},"end":{"line":26,"column":41}},"14":{"start":{"line":30,"column":4},"end":{"line":30,"column":43}},"15":{"start":{"line":30,"column":20},"end":{"line":30,"column":43}},"16":{"start":{"line":34,"column":4},"end":{"line":34,"column":70}},"17":{"start":{"line":38,"column":4},"end":{"line":38,"column":53}},"18":{"start":{"line":39,"column":17},"end":{"line":39,"column":39}},"19":{"start":{"line":40,"column":4},"end":{"line":42,"column":5}},"20":{"start":{"line":41,"column":6},"end":{"line":41,"column":17}},"21":{"start":{"line":44,"column":4},"end":{"line":44,"column":77}},"22":{"start":{"line":45,"column":19},"end":{"line":45,"column":76}},"23":{"start":{"line":47,"column":4},"end":{"line":47,"column":55}},"24":{"start":{"line":47,"column":32},"end":{"line":47,"column":53}},"25":{"start":{"line":49,"column":4},"end":{"line":54,"column":7}},"26":{"start":{"line":50,"column":6},"end":{"line":50,"column":62}},"27":{"start":{"line":51,"column":6},"end":{"line":51,"column":24}},"28":{"start":{"line":52,"column":6},"end":{"line":52,"column":40}},"29":{"start":{"line":53,"column":6},"end":{"line":53,"column":27}},"30":{"start":{"line":56,"column":21},"end":{"line":62,"column":5}},"31":{"start":{"line":57,"column":6},"end":{"line":58,"column":52}},"32":{"start":{"line":57,"column":15},"end":{"line":57,"column":70}},"33":{"start":{"line":58,"column":11},"end":{"line":58,"column":52}},"34":{"start":{"line":59,"column":6},"end":{"line":59,"column":22}},"35":{"start":{"line":60,"column":6},"end":{"line":60,"column":32}},"36":{"start":{"line":61,"column":6},"end":{"line":61,"column":35}},"37":{"start":{"line":64,"column":4},"end":{"line":64,"column":38}},"38":{"start":{"line":65,"column":4},"end":{"line":65,"column":46}},"39":{"start":{"line":65,"column":34},"end":{"line":65,"column":44}},"40":{"start":{"line":69,"column":4},"end":{"line":69,"column":57}},"41":{"start":{"line":70,"column":17},"end":{"line":70,"column":31}},"42":{"start":{"line":71,"column":4},"end":{"line":78,"column":26}},"43":{"start":{"line":72,"column":20},"end":{"line":72,"column":43}},"44":{"start":{"line":73,"column":6},"end":{"line":77,"column":7}},"45":{"start":{"line":73,"column":29},"end":{"line":73,"column":44}},"46":{"start":{"line":74,"column":8},"end":{"line":74,"column":68}},"47":{"start":{"line":75,"column":8},"end":{"line":75,"column":37}},"48":{"start":{"line":76,"column":8},"end":{"line":76,"column":26}},"49":{"start":{"line":82,"column":4},"end":{"line":82,"column":57}},"50":{"start":{"line":83,"column":4},"end":{"line":86,"column":5}},"51":{"start":{"line":84,"column":6},"end":{"line":84,"column":35}},"52":{"start":{"line":85,"column":6},"end":{"line":85,"column":27}},"53":{"start":{"line":87,"column":4},"end":{"line":90,"column":5}},"54":{"start":{"line":88,"column":6},"end":{"line":88,"column":37}},"55":{"start":{"line":89,"column":6},"end":{"line":89,"column":23}},"56":{"start":{"line":94,"column":4},"end":{"line":94,"column":20}},"57":{"start":{"line":95,"column":18},"end":{"line":95,"column":63}},"58":{"start":{"line":96,"column":4},"end":{"line":96,"column":102}},"59":{"start":{"line":97,"column":4},"end":{"line":97,"column":42}},"60":{"start":{"line":97,"column":21},"end":{"line":97,"column":33}},"61":{"start":{"line":101,"column":4},"end":{"line":104,"column":5}},"62":{"start":{"line":102,"column":6},"end":{"line":102,"column":69}},"63":{"start":{"line":103,"column":6},"end":{"line":103,"column":13}},"64":{"start":{"line":105,"column":4},"end":{"line":110,"column":5}},"65":{"start":{"line":106,"column":6},"end":{"line":106,"column":28}},"66":{"start":{"line":108,"column":6},"end":{"line":108,"column":87}},"67":{"start":{"line":108,"column":15},"end":{"line":108,"column":87}},"68":{"start":{"line":109,"column":6},"end":{"line":109,"column":35}},"69":{"start":{"line":114,"column":4},"end":{"line":114,"column":51}},"70":{"start":{"line":115,"column":4},"end":{"line":115,"column":20}},"71":{"start":{"line":119,"column":4},"end":{"line":119,"column":53}},"72":{"start":{"line":120,"column":4},"end":{"line":120,"column":28}},"73":{"start":{"line":124,"column":4},"end":{"line":135,"column":5}},"74":{"start":{"line":125,"column":6},"end":{"line":125,"column":54}},"75":{"start":{"line":126,"column":6},"end":{"line":131,"column":9}},"76":{"start":{"line":127,"column":8},"end":{"line":130,"column":9}},"77":{"start":{"line":128,"column":10},"end":{"line":128,"column":73}},"78":{"start":{"line":129,"column":10},"end":{"line":129,"column":34}},"79":{"start":{"line":133,"column":6},"end":{"line":133,"column":64}},"80":{"start":{"line":134,"column":6},"end":{"line":134,"column":67}},"81":{"start":{"line":139,"column":0},"end":{"line":139,"column":30}}},"fnMap":{"0":{"name":"(anonymous_0)","decl":{"start":{"line":7,"column":4},"end":{"line":7,"column":5}},"loc":{"start":{"line":12,"column":12},"end":{"line":24,"column":5}},"line":12},"1":{"name":"(anonymous_1)","decl":{"start":{"line":25,"column":2},"end":{"line":25,"column":3}},"loc":{"start":{"line":25,"column":16},"end":{"line":27,"column":3}},"line":25},"2":{"name":"(anonymous_2)","decl":{"start":{"line":29,"column":2},"end":{"line":29,"column":3}},"loc":{"start":{"line":29,"column":18},"end":{"line":31,"column":3}},"line":29},"3":{"name":"(anonymous_3)","decl":{"start":{"line":33,"column":2},"end":{"line":33,"column":3}},"loc":{"start":{"line":33,"column":20},"end":{"line":35,"column":3}},"line":33},"4":{"name":"(anonymous_4)","decl":{"start":{"line":37,"column":2},"end":{"line":37,"column":3}},"loc":{"start":{"line":37,"column":19},"end":{"line":66,"column":3}},"line":37},"5":{"name":"(anonymous_5)","decl":{"start":{"line":47,"column":22},"end":{"line":47,"column":23}},"loc":{"start":{"line":47,"column":32},"end":{"line":47,"column":53}},"line":47},"6":{"name":"(anonymous_6)","decl":{"start":{"line":49,"column":27},"end":{"line":49,"column":28}},"loc":{"start":{"line":49,"column":33},"end":{"line":54,"column":5}},"line":49},"7":{"name":"(anonymous_7)","decl":{"start":{"line":56,"column":21},"end":{"line":56,"column":22}},"loc":{"start":{"line":56,"column":30},"end":{"line":62,"column":5}},"line":56},"8":{"name":"(anonymous_8)","decl":{"start":{"line":65,"column":28},"end":{"line":65,"column":29}},"loc":{"start":{"line":65,"column":34},"end":{"line":65,"column":44}},"line":65},"9":{"name":"(anonymous_9)","decl":{"start":{"line":68,"column":2},"end":{"line":68,"column":3}},"loc":{"start":{"line":68,"column":24},"end":{"line":79,"column":3}},"line":68},"10":{"name":"(anonymous_10)","decl":{"start":{"line":71,"column":32},"end":{"line":71,"column":33}},"loc":{"start":{"line":71,"column":44},"end":{"line":78,"column":5}},"line":71},"11":{"name":"(anonymous_11)","decl":{"start":{"line":73,"column":22},"end":{"line":73,"column":23}},"loc":{"start":{"line":73,"column":29},"end":{"line":73,"column":44}},"line":73},"12":{"name":"(anonymous_12)","decl":{"start":{"line":81,"column":2},"end":{"line":81,"column":3}},"loc":{"start":{"line":81,"column":13},"end":{"line":91,"column":3}},"line":81},"13":{"name":"(anonymous_13)","decl":{"start":{"line":93,"column":2},"end":{"line":93,"column":3}},"loc":{"start":{"line":93,"column":26},"end":{"line":98,"column":3}},"line":93},"14":{"name":"(anonymous_14)","decl":{"start":{"line":97,"column":15},"end":{"line":97,"column":16}},"loc":{"start":{"line":97,"column":21},"end":{"line":97,"column":33}},"line":97},"15":{"name":"(anonymous_15)","decl":{"start":{"line":100,"column":2},"end":{"line":100,"column":3}},"loc":{"start":{"line":100,"column":16},"end":{"line":111,"column":3}},"line":100},"16":{"name":"(anonymous_16)","decl":{"start":{"line":113,"column":2},"end":{"line":113,"column":3}},"loc":{"start":{"line":113,"column":9},"end":{"line":116,"column":3}},"line":113},"17":{"name":"(anonymous_17)","decl":{"start":{"line":118,"column":2},"end":{"line":118,"column":3}},"loc":{"start":{"line":118,"column":19},"end":{"line":121,"column":3}},"line":118},"18":{"name":"(anonymous_18)","decl":{"start":{"line":123,"column":2},"end":{"line":123,"column":3}},"loc":{"start":{"line":123,"column":13},"end":{"line":136,"column":3}},"line":123},"19":{"name":"(anonymous_19)","decl":{"start":{"line":126,"column":35},"end":{"line":126,"column":36}},"loc":{"start":{"line":126,"column":44},"end":{"line":131,"column":7}},"line":126}},"branchMap":{"0":{"loc":{"start":{"line":7,"column":16},"end":{"line":12,"column":10}},"type":"default-arg","locations":[{"start":{"line":12,"column":8},"end":{"line":12,"column":10}}],"line":7},"1":{"loc":{"start":{"line":8,"column":6},"end":{"line":8,"column":21}},"type":"default-arg","locations":[{"start":{"line":8,"column":17},"end":{"line":8,"column":21}}],"line":8},"2":{"loc":{"start":{"line":9,"column":6},"end":{"line":9,"column":25}},"type":"default-arg","locations":[{"start":{"line":9,"column":21},"end":{"line":9,"column":25}}],"line":9},"3":{"loc":{"start":{"line":10,"column":6},"end":{"line":10,"column":22}},"type":"default-arg","locations":[{"start":{"line":10,"column":17},"end":{"line":10,"column":22}}],"line":10},"4":{"loc":{"start":{"line":11,"column":6},"end":{"line":11,"column":19}},"type":"default-arg","locations":[{"start":{"line":11,"column":14},"end":{"line":11,"column":19}}],"line":11},"5":{"loc":{"start":{"line":26,"column":4},"end":{"line":26,"column":41}},"type":"if","locations":[{"start":{"line":26,"column":4},"end":{"line":26,"column":41}},{"start":{},"end":{}}],"line":26},"6":{"loc":{"start":{"line":30,"column":4},"end":{"line":30,"column":43}},"type":"if","locations":[{"start":{"line":30,"column":4},"end":{"line":30,"column":43}},{"start":{},"end":{}}],"line":30},"7":{"loc":{"start":{"line":40,"column":4},"end":{"line":42,"column":5}},"type":"if","locations":[{"start":{"line":40,"column":4},"end":{"line":42,"column":5}},{"start":{},"end":{}}],"line":40},"8":{"loc":{"start":{"line":57,"column":6},"end":{"line":58,"column":52}},"type":"if","locations":[{"start":{"line":57,"column":6},"end":{"line":58,"column":52}},{"start":{"line":58,"column":11},"end":{"line":58,"column":52}}],"line":57},"9":{"loc":{"start":{"line":73,"column":6},"end":{"line":77,"column":7}},"type":"if","locations":[{"start":{"line":73,"column":6},"end":{"line":77,"column":7}},{"start":{},"end":{}}],"line":73},"10":{"loc":{"start":{"line":83,"column":4},"end":{"line":86,"column":5}},"type":"if","locations":[{"start":{"line":83,"column":4},"end":{"line":86,"column":5}},{"start":{},"end":{}}],"line":83},"11":{"loc":{"start":{"line":87,"column":4},"end":{"line":90,"column":5}},"type":"if","locations":[{"start":{"line":87,"column":4},"end":{"line":90,"column":5}},{"start":{},"end":{}}],"line":87},"12":{"loc":{"start":{"line":101,"column":4},"end":{"line":104,"column":5}},"type":"if","locations":[{"start":{"line":101,"column":4},"end":{"line":104,"column":5}},{"start":{},"end":{}}],"line":101},"13":{"loc":{"start":{"line":101,"column":8},"end":{"line":101,"column":37}},"type":"binary-expr","locations":[{"start":{"line":101,"column":8},"end":{"line":101,"column":17}},{"start":{"line":101,"column":21},"end":{"line":101,"column":37}}],"line":101},"14":{"loc":{"start":{"line":108,"column":6},"end":{"line":108,"column":87}},"type":"if","locations":[{"start":{"line":108,"column":6},"end":{"line":108,"column":87}},{"start":{},"end":{}}],"line":108},"15":{"loc":{"start":{"line":124,"column":4},"end":{"line":135,"column":5}},"type":"if","locations":[{"start":{"line":124,"column":4},"end":{"line":135,"column":5}},{"start":{"line":132,"column":11},"end":{"line":135,"column":5}}],"line":124},"16":{"loc":{"start":{"line":124,"column":8},"end":{"line":124,"column":37}},"type":"binary-expr","locations":[{"start":{"line":124,"column":8},"end":{"line":124,"column":17}},{"start":{"line":124,"column":21},"end":{"line":124,"column":37}}],"line":124},"17":{"loc":{"start":{"line":127,"column":8},"end":{"line":130,"column":9}},"type":"if","locations":[{"start":{"line":127,"column":8},"end":{"line":130,"column":9}},{"start":{},"end":{}}],"line":127}},"s":{"0":1,"1":1,"2":1,"3":5,"4":5,"5":5,"6":5,"7":5,"8":5,"9":5,"10":5,"11":5,"12":38,"13":38,"14":1,"15":1,"16":0,"17":8,"18":8,"19":8,"20":7,"21":1,"22":1,"23":1,"24":0,"25":0,"26":0,"27":0,"28":0,"29":0,"30":0,"31":0,"32":0,"33":0,"34":0,"35":0,"36":0,"37":0,"38":0,"39":0,"40":0,"41":0,"42":0,"43":0,"44":0,"45":0,"46":0,"47":0,"48":0,"49":0,"50":0,"51":0,"52":0,"53":0,"54":0,"55":0,"56":8,"57":8,"58":8,"59":8,"60":3,"61":8,"62":0,"63":0,"64":8,"65":8,"66":8,"67":1,"68":8,"69":0,"70":0,"71":0,"72":0,"73":0,"74":0,"75":0,"76":0,"77":0,"78":0,"79":0,"80":0,"81":1},"f":{"0":5,"1":38,"2":1,"3":0,"4":8,"5":0,"6":0,"7":0,"8":0,"9":0,"10":0,"11":0,"12":0,"13":8,"14":3,"15":8,"16":0,"17":0,"18":0,"19":0},"b":{"0":[0],"1":[0],"2":[0],"3":[0],"4":[0],"5":[38,0],"6":[1,0],"7":[7,1],"8":[0,0],"9":[0,0],"10":[0,0],"11":[0,0],"12":[0,8],"13":[8,0],"14":[1,7],"15":[0,0],"16":[0,0],"17":[0,0]},"_coverageSchema":"1a1c01bbd47fc00a2c39e90264f33305004495a9","hash":"59e23a3b47fa7a284c8ffb18a2f1370190eb6e7f"}
}
