TN:
SF:ArduinoDevice.js
FN:5,(anonymous_0)
FN:9,(anonymous_1)
FN:14,(anonymous_2)
FN:44,(anonymous_3)
FNF:4
FNH:0
FNDA:0,(anonymous_0)
FNDA:0,(anonymous_1)
FNDA:0,(anonymous_2)
FNDA:0,(anonymous_3)
DA:1,1
DA:2,1
DA:6,0
DA:10,0
DA:11,0
DA:14,0
DA:16,0
DA:17,0
DA:21,0
DA:29,0
DA:30,0
DA:31,0
DA:38,0
DA:41,0
DA:45,0
DA:49,1
LF:16
LH:3
BRDA:16,0,0,0
BRDA:16,0,1,0
BRDA:16,1,0,0
BRDA:16,1,1,0
BRDA:22,2,0,0
BRDA:22,2,1,0
BRDA:22,2,2,0
BRDA:29,3,0,0
BRDA:29,3,1,0
BRF:9
BRH:0
end_of_record
TN:
SF:RFIDReader.js
FN:6,(anonymous_0)
FN:15,(anonymous_1)
FN:19,(anonymous_2)
FN:39,(anonymous_3)
FNF:4
FNH:3
FNDA:5,(anonymous_0)
FNDA:8,(anonymous_1)
FNDA:6,(anonymous_2)
FNDA:0,(anonymous_3)
DA:2,1
DA:3,1
DA:7,5
DA:16,8
DA:17,8
DA:19,8
DA:20,6
DA:25,8
DA:26,1
DA:27,1
DA:33,7
DA:36,8
DA:41,0
DA:42,0
DA:46,1
LF:15
LH:13
BRDA:20,0,0,6
BRDA:20,0,1,5
BRDA:20,0,2,5
BRDA:25,1,0,1
BRDA:25,1,1,7
BRF:5
BRH:5
end_of_record
TN:
SF:SerialDevice.js
FN:7,(anonymous_0)
FN:25,(anonymous_1)
FN:29,(anonymous_2)
FN:33,(anonymous_3)
FN:37,(anonymous_4)
FN:47,(anonymous_5)
FN:49,(anonymous_6)
FN:56,(anonymous_7)
FN:65,(anonymous_8)
FN:68,(anonymous_9)
FN:71,(anonymous_10)
FN:73,(anonymous_11)
FN:81,(anonymous_12)
FN:93,(anonymous_13)
FN:97,(anonymous_14)
FN:100,(anonymous_15)
FN:113,(anonymous_16)
FN:118,(anonymous_17)
FN:123,(anonymous_18)
FN:126,(anonymous_19)
FNF:20
FNH:7
FNDA:5,(anonymous_0)
FNDA:38,(anonymous_1)
FNDA:1,(anonymous_2)
FNDA:0,(anonymous_3)
FNDA:8,(anonymous_4)
FNDA:0,(anonymous_5)
FNDA:0,(anonymous_6)
FNDA:0,(anonymous_7)
FNDA:0,(anonymous_8)
FNDA:0,(anonymous_9)
FNDA:0,(anonymous_10)
FNDA:0,(anonymous_11)
FNDA:0,(anonymous_12)
FNDA:8,(anonymous_13)
FNDA:3,(anonymous_14)
FNDA:8,(anonymous_15)
FNDA:0,(anonymous_16)
FNDA:0,(anonymous_17)
FNDA:0,(anonymous_18)
FNDA:0,(anonymous_19)
DA:2,1
DA:3,1
DA:4,1
DA:13,5
DA:14,5
DA:15,5
DA:16,5
DA:17,5
DA:19,5
DA:20,5
DA:21,5
DA:23,5
DA:26,38
DA:30,1
DA:34,0
DA:38,8
DA:39,8
DA:40,8
DA:41,7
DA:44,1
DA:45,1
DA:47,1
DA:49,0
DA:50,0
DA:51,0
DA:52,0
DA:53,0
DA:56,0
DA:57,0
DA:58,0
DA:59,0
DA:60,0
DA:61,0
DA:64,0
DA:65,0
DA:69,0
DA:70,0
DA:71,0
DA:72,0
DA:73,0
DA:74,0
DA:75,0
DA:76,0
DA:82,0
DA:83,0
DA:84,0
DA:85,0
DA:87,0
DA:88,0
DA:89,0
DA:94,8
DA:95,8
DA:96,8
DA:97,8
DA:101,8
DA:102,0
DA:103,0
DA:105,8
DA:106,8
DA:108,8
DA:109,8
DA:114,0
DA:115,0
DA:119,0
DA:120,0
DA:124,0
DA:125,0
DA:126,0
DA:127,0
DA:128,0
DA:129,0
DA:133,0
DA:134,0
DA:139,1
LF:74
LH:31
BRDA:7,0,0,0
BRDA:8,1,0,0
BRDA:9,2,0,0
BRDA:10,3,0,0
BRDA:11,4,0,0
BRDA:26,5,0,38
BRDA:26,5,1,0
BRDA:30,6,0,1
BRDA:30,6,1,0
BRDA:40,7,0,7
BRDA:40,7,1,1
BRDA:57,8,0,0
BRDA:57,8,1,0
BRDA:73,9,0,0
BRDA:73,9,1,0
BRDA:83,10,0,0
BRDA:83,10,1,0
BRDA:87,11,0,0
BRDA:87,11,1,0
BRDA:101,12,0,0
BRDA:101,12,1,8
BRDA:101,13,0,8
BRDA:101,13,1,0
BRDA:108,14,0,1
BRDA:108,14,1,7
BRDA:124,15,0,0
BRDA:124,15,1,0
BRDA:124,16,0,0
BRDA:124,16,1,0
BRDA:127,17,0,0
BRDA:127,17,1,0
BRF:31
BRH:8
end_of_record
